{"/home/dev/Documents/industrialization/FrameRat.js/dist/framerat.js": {"path":"/home/dev/Documents/industrialization/FrameRat.js/dist/framerat.js","statementMap":{"0":{"start":{"line":33,"column":8},"end":{"line":33,"column":33}},"1":{"start":{"line":34,"column":8},"end":{"line":34,"column":51}},"2":{"start":{"line":35,"column":8},"end":{"line":35,"column":21}},"3":{"start":{"line":38,"column":8},"end":{"line":38,"column":21}},"4":{"start":{"line":39,"column":8},"end":{"line":39,"column":23}},"5":{"start":{"line":40,"column":8},"end":{"line":40,"column":23}},"6":{"start":{"line":41,"column":8},"end":{"line":41,"column":23}},"7":{"start":{"line":42,"column":8},"end":{"line":42,"column":31}},"8":{"start":{"line":45,"column":8},"end":{"line":45,"column":37}},"9":{"start":{"line":48,"column":8},"end":{"line":48,"column":23}},"10":{"start":{"line":49,"column":8},"end":{"line":49,"column":33}},"11":{"start":{"line":50,"column":8},"end":{"line":50,"column":86}},"12":{"start":{"line":51,"column":8},"end":{"line":51,"column":21}},"13":{"start":{"line":54,"column":8},"end":{"line":54,"column":43}},"14":{"start":{"line":57,"column":8},"end":{"line":57,"column":68}},"15":{"start":{"line":63,"column":8},"end":{"line":63,"column":25}},"16":{"start":{"line":64,"column":8},"end":{"line":64,"column":26}},"17":{"start":{"line":65,"column":8},"end":{"line":65,"column":33}},"18":{"start":{"line":66,"column":8},"end":{"line":66,"column":33}},"19":{"start":{"line":67,"column":8},"end":{"line":70,"column":11}},"20":{"start":{"line":73,"column":8},"end":{"line":73,"column":100}},"21":{"start":{"line":76,"column":8},"end":{"line":76,"column":58}},"22":{"start":{"line":79,"column":8},"end":{"line":79,"column":58}},"23":{"start":{"line":82,"column":8},"end":{"line":82,"column":46}},"24":{"start":{"line":85,"column":8},"end":{"line":85,"column":32}},"25":{"start":{"line":88,"column":8},"end":{"line":88,"column":30}},"26":{"start":{"line":91,"column":20},"end":{"line":91,"column":39}},"27":{"start":{"line":92,"column":8},"end":{"line":94,"column":9}},"28":{"start":{"line":93,"column":12},"end":{"line":93,"column":34}},"29":{"start":{"line":95,"column":8},"end":{"line":95,"column":21}},"30":{"start":{"line":98,"column":8},"end":{"line":98,"column":44}},"31":{"start":{"line":101,"column":8},"end":{"line":103,"column":9}},"32":{"start":{"line":102,"column":12},"end":{"line":102,"column":33}},"33":{"start":{"line":104,"column":8},"end":{"line":104,"column":21}},"34":{"start":{"line":107,"column":8},"end":{"line":107,"column":27}},"35":{"start":{"line":108,"column":8},"end":{"line":108,"column":27}},"36":{"start":{"line":109,"column":8},"end":{"line":109,"column":29}},"37":{"start":{"line":112,"column":18},"end":{"line":112,"column":22}},"38":{"start":{"line":113,"column":20},"end":{"line":113,"column":48}},"39":{"start":{"line":114,"column":8},"end":{"line":118,"column":9}},"40":{"start":{"line":115,"column":12},"end":{"line":115,"column":33}},"41":{"start":{"line":116,"column":12},"end":{"line":117,"column":28}},"42":{"start":{"line":117,"column":16},"end":{"line":117,"column":28}},"43":{"start":{"line":119,"column":8},"end":{"line":119,"column":51}},"44":{"start":{"line":122,"column":8},"end":{"line":122,"column":27}},"45":{"start":{"line":123,"column":8},"end":{"line":123,"column":31}},"46":{"start":{"line":126,"column":8},"end":{"line":126,"column":50}},"47":{"start":{"line":129,"column":8},"end":{"line":129,"column":74}}},"fnMap":{"0":{"name":"(anonymous_0)","decl":{"start":{"line":32,"column":4},"end":{"line":32,"column":5}},"loc":{"start":{"line":32,"column":18},"end":{"line":36,"column":5}},"line":32},"1":{"name":"(anonymous_1)","decl":{"start":{"line":37,"column":4},"end":{"line":37,"column":5}},"loc":{"start":{"line":37,"column":12},"end":{"line":43,"column":5}},"line":37},"2":{"name":"(anonymous_2)","decl":{"start":{"line":44,"column":4},"end":{"line":44,"column":5}},"loc":{"start":{"line":44,"column":12},"end":{"line":46,"column":5}},"line":44},"3":{"name":"(anonymous_3)","decl":{"start":{"line":47,"column":4},"end":{"line":47,"column":5}},"loc":{"start":{"line":47,"column":14},"end":{"line":52,"column":5}},"line":47},"4":{"name":"(anonymous_4)","decl":{"start":{"line":53,"column":4},"end":{"line":53,"column":5}},"loc":{"start":{"line":53,"column":22},"end":{"line":55,"column":5}},"line":53},"5":{"name":"(anonymous_5)","decl":{"start":{"line":56,"column":4},"end":{"line":56,"column":5}},"loc":{"start":{"line":56,"column":24},"end":{"line":58,"column":5}},"line":56},"6":{"name":"(anonymous_6)","decl":{"start":{"line":62,"column":4},"end":{"line":62,"column":5}},"loc":{"start":{"line":62,"column":26},"end":{"line":71,"column":5}},"line":62},"7":{"name":"(anonymous_7)","decl":{"start":{"line":72,"column":4},"end":{"line":72,"column":5}},"loc":{"start":{"line":72,"column":30},"end":{"line":74,"column":5}},"line":72},"8":{"name":"(anonymous_8)","decl":{"start":{"line":75,"column":4},"end":{"line":75,"column":5}},"loc":{"start":{"line":75,"column":15},"end":{"line":77,"column":5}},"line":75},"9":{"name":"(anonymous_9)","decl":{"start":{"line":78,"column":4},"end":{"line":78,"column":5}},"loc":{"start":{"line":78,"column":15},"end":{"line":80,"column":5}},"line":78},"10":{"name":"(anonymous_10)","decl":{"start":{"line":81,"column":4},"end":{"line":81,"column":5}},"loc":{"start":{"line":81,"column":13},"end":{"line":83,"column":5}},"line":81},"11":{"name":"(anonymous_11)","decl":{"start":{"line":84,"column":4},"end":{"line":84,"column":5}},"loc":{"start":{"line":84,"column":15},"end":{"line":86,"column":5}},"line":84},"12":{"name":"(anonymous_12)","decl":{"start":{"line":87,"column":4},"end":{"line":87,"column":5}},"loc":{"start":{"line":87,"column":15},"end":{"line":89,"column":5}},"line":87},"13":{"name":"(anonymous_13)","decl":{"start":{"line":90,"column":4},"end":{"line":90,"column":5}},"loc":{"start":{"line":90,"column":12},"end":{"line":96,"column":5}},"line":90},"14":{"name":"(anonymous_14)","decl":{"start":{"line":97,"column":4},"end":{"line":97,"column":5}},"loc":{"start":{"line":97,"column":13},"end":{"line":99,"column":5}},"line":97},"15":{"name":"(anonymous_15)","decl":{"start":{"line":100,"column":4},"end":{"line":100,"column":5}},"loc":{"start":{"line":100,"column":12},"end":{"line":105,"column":5}},"line":100},"16":{"name":"(anonymous_16)","decl":{"start":{"line":106,"column":4},"end":{"line":106,"column":5}},"loc":{"start":{"line":106,"column":11},"end":{"line":110,"column":5}},"line":106},"17":{"name":"(anonymous_17)","decl":{"start":{"line":111,"column":4},"end":{"line":111,"column":5}},"loc":{"start":{"line":111,"column":14},"end":{"line":120,"column":5}},"line":111},"18":{"name":"(anonymous_18)","decl":{"start":{"line":121,"column":4},"end":{"line":121,"column":5}},"loc":{"start":{"line":121,"column":21},"end":{"line":124,"column":5}},"line":121},"19":{"name":"(anonymous_19)","decl":{"start":{"line":125,"column":4},"end":{"line":125,"column":5}},"loc":{"start":{"line":125,"column":20},"end":{"line":127,"column":5}},"line":125},"20":{"name":"(anonymous_20)","decl":{"start":{"line":128,"column":4},"end":{"line":128,"column":5}},"loc":{"start":{"line":128,"column":22},"end":{"line":130,"column":5}},"line":128}},"branchMap":{"0":{"loc":{"start":{"line":73,"column":24},"end":{"line":73,"column":99}},"type":"cond-expr","locations":[{"start":{"line":73,"column":43},"end":{"line":73,"column":83}},{"start":{"line":73,"column":86},"end":{"line":73,"column":99}}],"line":73},"1":{"loc":{"start":{"line":92,"column":8},"end":{"line":94,"column":9}},"type":"if","locations":[{"start":{"line":92,"column":8},"end":{"line":94,"column":9}},{"start":{"line":92,"column":8},"end":{"line":94,"column":9}}],"line":92},"2":{"loc":{"start":{"line":98,"column":15},"end":{"line":98,"column":43}},"type":"binary-expr","locations":[{"start":{"line":98,"column":15},"end":{"line":98,"column":27}},{"start":{"line":98,"column":31},"end":{"line":98,"column":43}}],"line":98},"3":{"loc":{"start":{"line":101,"column":8},"end":{"line":103,"column":9}},"type":"if","locations":[{"start":{"line":101,"column":8},"end":{"line":103,"column":9}},{"start":{"line":101,"column":8},"end":{"line":103,"column":9}}],"line":101},"4":{"loc":{"start":{"line":114,"column":8},"end":{"line":118,"column":9}},"type":"if","locations":[{"start":{"line":114,"column":8},"end":{"line":118,"column":9}},{"start":{"line":114,"column":8},"end":{"line":118,"column":9}}],"line":114},"5":{"loc":{"start":{"line":114,"column":12},"end":{"line":114,"column":52}},"type":"binary-expr","locations":[{"start":{"line":114,"column":12},"end":{"line":114,"column":26}},{"start":{"line":114,"column":30},"end":{"line":114,"column":52}}],"line":114},"6":{"loc":{"start":{"line":116,"column":12},"end":{"line":117,"column":28}},"type":"if","locations":[{"start":{"line":116,"column":12},"end":{"line":117,"column":28}},{"start":{"line":116,"column":12},"end":{"line":117,"column":28}}],"line":116},"7":{"loc":{"start":{"line":119,"column":8},"end":{"line":119,"column":50}},"type":"cond-expr","locations":[{"start":{"line":119,"column":14},"end":{"line":119,"column":36}},{"start":{"line":119,"column":39},"end":{"line":119,"column":50}}],"line":119}},"s":{"0":1,"1":1,"2":1,"3":2,"4":2,"5":2,"6":2,"7":2,"8":1,"9":0,"10":0,"11":0,"12":0,"13":0,"14":1,"15":1,"16":1,"17":1,"18":1,"19":1,"20":0,"21":1,"22":1,"23":1,"24":1,"25":1,"26":1,"27":1,"28":1,"29":1,"30":0,"31":0,"32":0,"33":0,"34":1,"35":1,"36":1,"37":0,"38":0,"39":0,"40":0,"41":0,"42":0,"43":0,"44":1,"45":1,"46":1,"47":1},"f":{"0":1,"1":2,"2":1,"3":0,"4":0,"5":1,"6":1,"7":0,"8":1,"9":1,"10":1,"11":1,"12":1,"13":1,"14":0,"15":0,"16":1,"17":0,"18":1,"19":1,"20":1},"b":{"0":[0,0],"1":[1,0],"2":[0,0],"3":[0,0],"4":[0,0],"5":[0,0],"6":[0,0],"7":[0,0]},"_coverageSchema":"43e27e138ebf9cfc5966b082cf9a028302ed4184","hash":"10de9d47cd296de8b80e63cb0b9f12b7780871f2"}
,"/home/dev/Documents/industrialization/FrameRat.js/tests/timer.js": {"path":"/home/dev/Documents/industrialization/FrameRat.js/tests/timer.js","statementMap":{"0":{"start":{"line":5,"column":2},"end":{"line":5,"column":30}},"1":{"start":{"line":6,"column":2},"end":{"line":9,"column":11}},"2":{"start":{"line":7,"column":4},"end":{"line":7,"column":38}},"3":{"start":{"line":8,"column":4},"end":{"line":8,"column":27}},"4":{"start":{"line":12,"column":0},"end":{"line":12,"column":23}}},"fnMap":{"0":{"name":"timer","decl":{"start":{"line":4,"column":9},"end":{"line":4,"column":14}},"loc":{"start":{"line":4,"column":25},"end":{"line":10,"column":1}},"line":4},"1":{"name":"(anonymous_1)","decl":{"start":{"line":6,"column":13},"end":{"line":6,"column":14}},"loc":{"start":{"line":6,"column":19},"end":{"line":9,"column":3}},"line":6}},"branchMap":{"0":{"loc":{"start":{"line":8,"column":4},"end":{"line":8,"column":26}},"type":"binary-expr","locations":[{"start":{"line":8,"column":4},"end":{"line":8,"column":12}},{"start":{"line":8,"column":16},"end":{"line":8,"column":26}}],"line":8}},"s":{"0":1,"1":1,"2":0,"3":0,"4":1},"f":{"0":1,"1":0},"b":{"0":[0,0]},"_coverageSchema":"43e27e138ebf9cfc5966b082cf9a028302ed4184","hash":"e89f3d335f50a27891d8dc0ce8c89a2916e5bb6b"}
}
