{"/Users/lcluber/Projects/github/FrameRat.js/dist/framerat.js": {"path":"/Users/lcluber/Projects/github/FrameRat.js/dist/framerat.js","statementMap":{"0":{"start":{"line":56,"column":2},"end":{"line":56,"column":45}},"1":{"start":{"line":60,"column":2},"end":{"line":62,"column":3}},"2":{"start":{"line":61,"column":4},"end":{"line":61,"column":70}},"3":{"start":{"line":64,"column":2},"end":{"line":64,"column":28}},"4":{"start":{"line":68,"column":2},"end":{"line":70,"column":3}},"5":{"start":{"line":69,"column":4},"end":{"line":69,"column":21}},"6":{"start":{"line":72,"column":2},"end":{"line":74,"column":3}},"7":{"start":{"line":73,"column":4},"end":{"line":73,"column":17}},"8":{"start":{"line":76,"column":2},"end":{"line":76,"column":67}},"9":{"start":{"line":80,"column":13},"end":{"line":80,"column":23}},"10":{"start":{"line":81,"column":2},"end":{"line":81,"column":98}},"11":{"start":{"line":86,"column":8},"end":{"line":86,"column":33}},"12":{"start":{"line":87,"column":8},"end":{"line":87,"column":51}},"13":{"start":{"line":88,"column":8},"end":{"line":88,"column":21}},"14":{"start":{"line":91,"column":8},"end":{"line":91,"column":21}},"15":{"start":{"line":92,"column":8},"end":{"line":92,"column":23}},"16":{"start":{"line":93,"column":8},"end":{"line":93,"column":23}},"17":{"start":{"line":94,"column":8},"end":{"line":94,"column":23}},"18":{"start":{"line":95,"column":8},"end":{"line":95,"column":31}},"19":{"start":{"line":98,"column":8},"end":{"line":98,"column":37}},"20":{"start":{"line":101,"column":8},"end":{"line":101,"column":23}},"21":{"start":{"line":102,"column":8},"end":{"line":102,"column":33}},"22":{"start":{"line":103,"column":8},"end":{"line":103,"column":72}},"23":{"start":{"line":104,"column":8},"end":{"line":104,"column":21}},"24":{"start":{"line":107,"column":8},"end":{"line":107,"column":43}},"25":{"start":{"line":110,"column":8},"end":{"line":110,"column":68}},"26":{"start":{"line":116,"column":8},"end":{"line":116,"column":25}},"27":{"start":{"line":117,"column":8},"end":{"line":117,"column":34}},"28":{"start":{"line":118,"column":8},"end":{"line":118,"column":33}},"29":{"start":{"line":119,"column":8},"end":{"line":119,"column":33}},"30":{"start":{"line":120,"column":8},"end":{"line":120,"column":28}},"31":{"start":{"line":123,"column":8},"end":{"line":123,"column":102}},"32":{"start":{"line":126,"column":8},"end":{"line":126,"column":52}},"33":{"start":{"line":129,"column":8},"end":{"line":129,"column":52}},"34":{"start":{"line":132,"column":8},"end":{"line":132,"column":46}},"35":{"start":{"line":135,"column":8},"end":{"line":135,"column":32}},"36":{"start":{"line":138,"column":8},"end":{"line":138,"column":50}},"37":{"start":{"line":141,"column":8},"end":{"line":144,"column":9}},"38":{"start":{"line":142,"column":12},"end":{"line":142,"column":34}},"39":{"start":{"line":143,"column":12},"end":{"line":143,"column":24}},"40":{"start":{"line":145,"column":8},"end":{"line":145,"column":21}},"41":{"start":{"line":148,"column":8},"end":{"line":150,"column":9}},"42":{"start":{"line":149,"column":12},"end":{"line":149,"column":24}},"43":{"start":{"line":151,"column":8},"end":{"line":151,"column":21}},"44":{"start":{"line":152,"column":8},"end":{"line":152,"column":21}},"45":{"start":{"line":155,"column":8},"end":{"line":158,"column":9}},"46":{"start":{"line":156,"column":12},"end":{"line":156,"column":33}},"47":{"start":{"line":157,"column":12},"end":{"line":157,"column":24}},"48":{"start":{"line":159,"column":8},"end":{"line":159,"column":21}},"49":{"start":{"line":162,"column":8},"end":{"line":162,"column":27}},"50":{"start":{"line":163,"column":8},"end":{"line":165,"column":9}},"51":{"start":{"line":164,"column":12},"end":{"line":164,"column":33}},"52":{"start":{"line":168,"column":18},"end":{"line":168,"column":22}},"53":{"start":{"line":169,"column":22},"end":{"line":169,"column":50}},"54":{"start":{"line":170,"column":8},"end":{"line":175,"column":9}},"55":{"start":{"line":171,"column":12},"end":{"line":171,"column":33}},"56":{"start":{"line":172,"column":12},"end":{"line":174,"column":13}},"57":{"start":{"line":173,"column":16},"end":{"line":173,"column":28}},"58":{"start":{"line":176,"column":8},"end":{"line":176,"column":51}},"59":{"start":{"line":179,"column":8},"end":{"line":179,"column":27}},"60":{"start":{"line":180,"column":8},"end":{"line":180,"column":35}},"61":{"start":{"line":181,"column":8},"end":{"line":181,"column":31}},"62":{"start":{"line":184,"column":8},"end":{"line":184,"column":35}},"63":{"start":{"line":185,"column":8},"end":{"line":185,"column":50}},"64":{"start":{"line":188,"column":8},"end":{"line":188,"column":85}}},"fnMap":{"0":{"name":"isNumeric","decl":{"start":{"line":55,"column":9},"end":{"line":55,"column":18}},"loc":{"start":{"line":55,"column":27},"end":{"line":57,"column":1}},"line":55},"1":{"name":"getTag","decl":{"start":{"line":59,"column":9},"end":{"line":59,"column":15}},"loc":{"start":{"line":59,"column":21},"end":{"line":65,"column":1}},"line":59},"2":{"name":"isNumber","decl":{"start":{"line":67,"column":9},"end":{"line":67,"column":17}},"loc":{"start":{"line":67,"column":37},"end":{"line":77,"column":1}},"line":67},"3":{"name":"isSymbol","decl":{"start":{"line":79,"column":9},"end":{"line":79,"column":17}},"loc":{"start":{"line":79,"column":23},"end":{"line":82,"column":1}},"line":79},"4":{"name":"(anonymous_4)","decl":{"start":{"line":85,"column":4},"end":{"line":85,"column":5}},"loc":{"start":{"line":85,"column":18},"end":{"line":89,"column":5}},"line":85},"5":{"name":"(anonymous_5)","decl":{"start":{"line":90,"column":4},"end":{"line":90,"column":5}},"loc":{"start":{"line":90,"column":12},"end":{"line":96,"column":5}},"line":90},"6":{"name":"(anonymous_6)","decl":{"start":{"line":97,"column":4},"end":{"line":97,"column":5}},"loc":{"start":{"line":97,"column":12},"end":{"line":99,"column":5}},"line":97},"7":{"name":"(anonymous_7)","decl":{"start":{"line":100,"column":4},"end":{"line":100,"column":5}},"loc":{"start":{"line":100,"column":14},"end":{"line":105,"column":5}},"line":100},"8":{"name":"(anonymous_8)","decl":{"start":{"line":106,"column":4},"end":{"line":106,"column":5}},"loc":{"start":{"line":106,"column":22},"end":{"line":108,"column":5}},"line":106},"9":{"name":"(anonymous_9)","decl":{"start":{"line":109,"column":4},"end":{"line":109,"column":5}},"loc":{"start":{"line":109,"column":24},"end":{"line":111,"column":5}},"line":109},"10":{"name":"(anonymous_10)","decl":{"start":{"line":115,"column":4},"end":{"line":115,"column":5}},"loc":{"start":{"line":115,"column":26},"end":{"line":121,"column":5}},"line":115},"11":{"name":"(anonymous_11)","decl":{"start":{"line":122,"column":4},"end":{"line":122,"column":5}},"loc":{"start":{"line":122,"column":19},"end":{"line":124,"column":5}},"line":122},"12":{"name":"(anonymous_12)","decl":{"start":{"line":125,"column":4},"end":{"line":125,"column":5}},"loc":{"start":{"line":125,"column":22},"end":{"line":127,"column":5}},"line":125},"13":{"name":"(anonymous_13)","decl":{"start":{"line":128,"column":4},"end":{"line":128,"column":5}},"loc":{"start":{"line":128,"column":21},"end":{"line":130,"column":5}},"line":128},"14":{"name":"(anonymous_14)","decl":{"start":{"line":131,"column":4},"end":{"line":131,"column":5}},"loc":{"start":{"line":131,"column":13},"end":{"line":133,"column":5}},"line":131},"15":{"name":"(anonymous_15)","decl":{"start":{"line":134,"column":4},"end":{"line":134,"column":5}},"loc":{"start":{"line":134,"column":22},"end":{"line":136,"column":5}},"line":134},"16":{"name":"(anonymous_16)","decl":{"start":{"line":137,"column":4},"end":{"line":137,"column":5}},"loc":{"start":{"line":137,"column":20},"end":{"line":139,"column":5}},"line":137},"17":{"name":"(anonymous_17)","decl":{"start":{"line":140,"column":4},"end":{"line":140,"column":5}},"loc":{"start":{"line":140,"column":12},"end":{"line":146,"column":5}},"line":140},"18":{"name":"(anonymous_18)","decl":{"start":{"line":147,"column":4},"end":{"line":147,"column":5}},"loc":{"start":{"line":147,"column":13},"end":{"line":153,"column":5}},"line":147},"19":{"name":"(anonymous_19)","decl":{"start":{"line":154,"column":4},"end":{"line":154,"column":5}},"loc":{"start":{"line":154,"column":12},"end":{"line":160,"column":5}},"line":154},"20":{"name":"(anonymous_20)","decl":{"start":{"line":161,"column":4},"end":{"line":161,"column":5}},"loc":{"start":{"line":161,"column":11},"end":{"line":166,"column":5}},"line":161},"21":{"name":"(anonymous_21)","decl":{"start":{"line":167,"column":4},"end":{"line":167,"column":5}},"loc":{"start":{"line":167,"column":25},"end":{"line":177,"column":5}},"line":167},"22":{"name":"(anonymous_22)","decl":{"start":{"line":178,"column":4},"end":{"line":178,"column":5}},"loc":{"start":{"line":178,"column":21},"end":{"line":182,"column":5}},"line":178},"23":{"name":"(anonymous_23)","decl":{"start":{"line":183,"column":4},"end":{"line":183,"column":5}},"loc":{"start":{"line":183,"column":20},"end":{"line":186,"column":5}},"line":183},"24":{"name":"(anonymous_24)","decl":{"start":{"line":187,"column":4},"end":{"line":187,"column":5}},"loc":{"start":{"line":187,"column":22},"end":{"line":189,"column":5}},"line":187}},"branchMap":{"0":{"loc":{"start":{"line":60,"column":2},"end":{"line":62,"column":3}},"type":"if","locations":[{"start":{"line":60,"column":2},"end":{"line":62,"column":3}},{"start":{"line":60,"column":2},"end":{"line":62,"column":3}}],"line":60},"1":{"loc":{"start":{"line":61,"column":11},"end":{"line":61,"column":69}},"type":"cond-expr","locations":[{"start":{"line":61,"column":31},"end":{"line":61,"column":51}},{"start":{"line":61,"column":54},"end":{"line":61,"column":69}}],"line":61},"2":{"loc":{"start":{"line":68,"column":2},"end":{"line":70,"column":3}},"type":"if","locations":[{"start":{"line":68,"column":2},"end":{"line":70,"column":3}},{"start":{"line":68,"column":2},"end":{"line":70,"column":3}}],"line":68},"3":{"loc":{"start":{"line":72,"column":2},"end":{"line":74,"column":3}},"type":"if","locations":[{"start":{"line":72,"column":2},"end":{"line":74,"column":3}},{"start":{"line":72,"column":2},"end":{"line":74,"column":3}}],"line":72},"4":{"loc":{"start":{"line":76,"column":9},"end":{"line":76,"column":66}},"type":"cond-expr","locations":[{"start":{"line":76,"column":21},"end":{"line":76,"column":46}},{"start":{"line":76,"column":49},"end":{"line":76,"column":66}}],"line":76},"5":{"loc":{"start":{"line":81,"column":9},"end":{"line":81,"column":97}},"type":"binary-expr","locations":[{"start":{"line":81,"column":9},"end":{"line":81,"column":25}},{"start":{"line":81,"column":29},"end":{"line":81,"column":46}},{"start":{"line":81,"column":50},"end":{"line":81,"column":61}},{"start":{"line":81,"column":65},"end":{"line":81,"column":97}}],"line":81},"6":{"loc":{"start":{"line":123,"column":32},"end":{"line":123,"column":101}},"type":"cond-expr","locations":[{"start":{"line":123,"column":51},"end":{"line":123,"column":77}},{"start":{"line":123,"column":80},"end":{"line":123,"column":101}}],"line":123},"7":{"loc":{"start":{"line":141,"column":8},"end":{"line":144,"column":9}},"type":"if","locations":[{"start":{"line":141,"column":8},"end":{"line":144,"column":9}},{"start":{"line":141,"column":8},"end":{"line":144,"column":9}}],"line":141},"8":{"loc":{"start":{"line":148,"column":8},"end":{"line":150,"column":9}},"type":"if","locations":[{"start":{"line":148,"column":8},"end":{"line":150,"column":9}},{"start":{"line":148,"column":8},"end":{"line":150,"column":9}}],"line":148},"9":{"loc":{"start":{"line":155,"column":8},"end":{"line":158,"column":9}},"type":"if","locations":[{"start":{"line":155,"column":8},"end":{"line":158,"column":9}},{"start":{"line":155,"column":8},"end":{"line":158,"column":9}}],"line":155},"10":{"loc":{"start":{"line":163,"column":8},"end":{"line":165,"column":9}},"type":"if","locations":[{"start":{"line":163,"column":8},"end":{"line":165,"column":9}},{"start":{"line":163,"column":8},"end":{"line":165,"column":9}}],"line":163},"11":{"loc":{"start":{"line":170,"column":8},"end":{"line":175,"column":9}},"type":"if","locations":[{"start":{"line":170,"column":8},"end":{"line":175,"column":9}},{"start":{"line":170,"column":8},"end":{"line":175,"column":9}}],"line":170},"12":{"loc":{"start":{"line":170,"column":12},"end":{"line":170,"column":68}},"type":"binary-expr","locations":[{"start":{"line":170,"column":12},"end":{"line":170,"column":34}},{"start":{"line":170,"column":38},"end":{"line":170,"column":68}}],"line":170},"13":{"loc":{"start":{"line":172,"column":12},"end":{"line":174,"column":13}},"type":"if","locations":[{"start":{"line":172,"column":12},"end":{"line":174,"column":13}},{"start":{"line":172,"column":12},"end":{"line":174,"column":13}}],"line":172},"14":{"loc":{"start":{"line":176,"column":8},"end":{"line":176,"column":50}},"type":"cond-expr","locations":[{"start":{"line":176,"column":14},"end":{"line":176,"column":36}},{"start":{"line":176,"column":39},"end":{"line":176,"column":50}}],"line":176}},"s":{"0":0,"1":0,"2":0,"3":0,"4":0,"5":0,"6":0,"7":0,"8":0,"9":0,"10":0,"11":1,"12":1,"13":1,"14":2,"15":2,"16":2,"17":2,"18":2,"19":1,"20":0,"21":0,"22":0,"23":0,"24":0,"25":1,"26":1,"27":1,"28":1,"29":1,"30":1,"31":0,"32":0,"33":0,"34":1,"35":0,"36":0,"37":1,"38":1,"39":1,"40":0,"41":0,"42":0,"43":0,"44":0,"45":0,"46":0,"47":0,"48":0,"49":1,"50":1,"51":1,"52":0,"53":0,"54":0,"55":0,"56":0,"57":0,"58":0,"59":1,"60":1,"61":1,"62":1,"63":1,"64":1},"f":{"0":0,"1":0,"2":0,"3":0,"4":1,"5":2,"6":1,"7":0,"8":0,"9":1,"10":1,"11":0,"12":0,"13":0,"14":1,"15":0,"16":0,"17":1,"18":0,"19":0,"20":1,"21":0,"22":1,"23":1,"24":1},"b":{"0":[0,0],"1":[0,0],"2":[0,0],"3":[0,0],"4":[0,0],"5":[0,0,0,0],"6":[0,0],"7":[1,0],"8":[0,0],"9":[0,0],"10":[1,0],"11":[0,0],"12":[0,0],"13":[0,0],"14":[0,0]},"_coverageSchema":"43e27e138ebf9cfc5966b082cf9a028302ed4184","hash":"62426724385f21a517dd0f04532ff967f9593728"}
,"/Users/lcluber/Projects/github/FrameRat.js/tests/timer.js": {"path":"/Users/lcluber/Projects/github/FrameRat.js/tests/timer.js","statementMap":{"0":{"start":{"line":5,"column":2},"end":{"line":5,"column":30}},"1":{"start":{"line":6,"column":2},"end":{"line":9,"column":11}},"2":{"start":{"line":7,"column":4},"end":{"line":7,"column":38}},"3":{"start":{"line":8,"column":4},"end":{"line":8,"column":27}},"4":{"start":{"line":12,"column":0},"end":{"line":12,"column":23}}},"fnMap":{"0":{"name":"timer","decl":{"start":{"line":4,"column":9},"end":{"line":4,"column":14}},"loc":{"start":{"line":4,"column":25},"end":{"line":10,"column":1}},"line":4},"1":{"name":"(anonymous_1)","decl":{"start":{"line":6,"column":13},"end":{"line":6,"column":14}},"loc":{"start":{"line":6,"column":19},"end":{"line":9,"column":3}},"line":6}},"branchMap":{"0":{"loc":{"start":{"line":8,"column":4},"end":{"line":8,"column":26}},"type":"binary-expr","locations":[{"start":{"line":8,"column":4},"end":{"line":8,"column":12}},{"start":{"line":8,"column":16},"end":{"line":8,"column":26}}],"line":8}},"s":{"0":1,"1":1,"2":0,"3":0,"4":1},"f":{"0":1,"1":0},"b":{"0":[0,0]},"_coverageSchema":"43e27e138ebf9cfc5966b082cf9a028302ed4184","hash":"6cfa719128a674ec497cafa35310243e53736d5f"}
}
