TN:
SF:/Users/lcluber/Projects/github/FrameRat.js/dist/framerat.js
FN:31,(anonymous_0)
FN:36,(anonymous_1)
FN:43,(anonymous_2)
FN:46,(anonymous_3)
FN:52,(anonymous_4)
FN:55,(anonymous_5)
FN:61,(anonymous_6)
FN:68,(anonymous_7)
FN:71,(anonymous_8)
FN:74,(anonymous_9)
FN:77,(anonymous_10)
FN:80,(anonymous_11)
FN:83,(anonymous_12)
FN:86,(anonymous_13)
FN:93,(anonymous_14)
FN:100,(anonymous_15)
FN:107,(anonymous_16)
FN:113,(anonymous_17)
FN:124,(anonymous_18)
FN:129,(anonymous_19)
FN:133,(anonymous_20)
FNF:21
FNH:11
FNDA:1,(anonymous_0)
FNDA:2,(anonymous_1)
FNDA:1,(anonymous_2)
FNDA:0,(anonymous_3)
FNDA:0,(anonymous_4)
FNDA:1,(anonymous_5)
FNDA:1,(anonymous_6)
FNDA:0,(anonymous_7)
FNDA:0,(anonymous_8)
FNDA:0,(anonymous_9)
FNDA:1,(anonymous_10)
FNDA:0,(anonymous_11)
FNDA:0,(anonymous_12)
FNDA:1,(anonymous_13)
FNDA:0,(anonymous_14)
FNDA:0,(anonymous_15)
FNDA:1,(anonymous_16)
FNDA:0,(anonymous_17)
FNDA:1,(anonymous_18)
FNDA:1,(anonymous_19)
FNDA:1,(anonymous_20)
DA:32,1
DA:33,1
DA:34,1
DA:37,2
DA:38,2
DA:39,2
DA:40,2
DA:41,2
DA:44,1
DA:47,0
DA:48,0
DA:49,0
DA:50,0
DA:53,0
DA:56,1
DA:62,1
DA:63,1
DA:64,1
DA:65,1
DA:66,1
DA:69,0
DA:72,0
DA:75,0
DA:78,1
DA:81,0
DA:84,0
DA:87,1
DA:88,1
DA:89,1
DA:91,0
DA:94,0
DA:95,0
DA:97,0
DA:98,0
DA:101,0
DA:102,0
DA:103,0
DA:105,0
DA:108,1
DA:109,1
DA:110,1
DA:114,0
DA:115,0
DA:116,0
DA:117,0
DA:118,0
DA:119,0
DA:122,0
DA:125,1
DA:126,1
DA:127,1
DA:130,1
DA:131,1
DA:134,1
LF:54
LH:28
BRDA:69,0,0,0
BRDA:69,0,1,0
BRDA:87,1,0,1
BRDA:87,1,1,0
BRDA:94,2,0,0
BRDA:94,2,1,0
BRDA:101,3,0,0
BRDA:101,3,1,0
BRDA:109,4,0,1
BRDA:109,4,1,0
BRDA:116,5,0,0
BRDA:116,5,1,0
BRDA:116,6,0,0
BRDA:116,6,1,0
BRDA:118,7,0,0
BRDA:118,7,1,0
BRDA:122,8,0,0
BRDA:122,8,1,0
BRF:18
BRH:2
end_of_record
TN:
SF:/Users/lcluber/Projects/github/FrameRat.js/tests/timer.js
FN:4,timer
FN:6,(anonymous_1)
FNF:2
FNH:1
FNDA:1,timer
FNDA:0,(anonymous_1)
DA:5,1
DA:6,1
DA:7,0
DA:8,0
DA:12,1
LF:5
LH:3
BRDA:8,0,0,0
BRDA:8,0,1,0
BRF:2
BRH:0
end_of_record
