TN:
SF:/Users/lcluber/Projects/github/FrameRat.js/dist/framerat.js
FN:55,isNumeric
FN:59,getTag
FN:67,isNumber
FN:79,isSymbol
FN:85,(anonymous_4)
FN:90,(anonymous_5)
FN:97,(anonymous_6)
FN:100,(anonymous_7)
FN:106,(anonymous_8)
FN:109,(anonymous_9)
FN:115,(anonymous_10)
FN:122,(anonymous_11)
FN:125,(anonymous_12)
FN:128,(anonymous_13)
FN:131,(anonymous_14)
FN:134,(anonymous_15)
FN:137,(anonymous_16)
FN:140,(anonymous_17)
FN:147,(anonymous_18)
FN:154,(anonymous_19)
FN:161,(anonymous_20)
FN:167,(anonymous_21)
FN:178,(anonymous_22)
FN:183,(anonymous_23)
FN:187,(anonymous_24)
FNF:25
FNH:11
FNDA:0,isNumeric
FNDA:0,getTag
FNDA:0,isNumber
FNDA:0,isSymbol
FNDA:1,(anonymous_4)
FNDA:2,(anonymous_5)
FNDA:1,(anonymous_6)
FNDA:0,(anonymous_7)
FNDA:0,(anonymous_8)
FNDA:1,(anonymous_9)
FNDA:1,(anonymous_10)
FNDA:0,(anonymous_11)
FNDA:0,(anonymous_12)
FNDA:0,(anonymous_13)
FNDA:1,(anonymous_14)
FNDA:0,(anonymous_15)
FNDA:0,(anonymous_16)
FNDA:1,(anonymous_17)
FNDA:0,(anonymous_18)
FNDA:0,(anonymous_19)
FNDA:1,(anonymous_20)
FNDA:0,(anonymous_21)
FNDA:1,(anonymous_22)
FNDA:1,(anonymous_23)
FNDA:1,(anonymous_24)
DA:56,0
DA:60,0
DA:61,0
DA:64,0
DA:68,0
DA:69,0
DA:72,0
DA:73,0
DA:76,0
DA:80,0
DA:81,0
DA:86,1
DA:87,1
DA:88,1
DA:91,2
DA:92,2
DA:93,2
DA:94,2
DA:95,2
DA:98,1
DA:101,0
DA:102,0
DA:103,0
DA:104,0
DA:107,0
DA:110,1
DA:116,1
DA:117,1
DA:118,1
DA:119,1
DA:120,1
DA:123,0
DA:126,0
DA:129,0
DA:132,1
DA:135,0
DA:138,0
DA:141,1
DA:142,1
DA:143,1
DA:145,0
DA:148,0
DA:149,0
DA:151,0
DA:152,0
DA:155,0
DA:156,0
DA:157,0
DA:159,0
DA:162,1
DA:163,1
DA:164,1
DA:168,0
DA:169,0
DA:170,0
DA:171,0
DA:172,0
DA:173,0
DA:176,0
DA:179,1
DA:180,1
DA:181,1
DA:184,1
DA:185,1
DA:188,1
LF:65
LH:28
BRDA:60,0,0,0
BRDA:60,0,1,0
BRDA:61,1,0,0
BRDA:61,1,1,0
BRDA:68,2,0,0
BRDA:68,2,1,0
BRDA:72,3,0,0
BRDA:72,3,1,0
BRDA:76,4,0,0
BRDA:76,4,1,0
BRDA:81,5,0,0
BRDA:81,5,1,0
BRDA:81,5,2,0
BRDA:81,5,3,0
BRDA:123,6,0,0
BRDA:123,6,1,0
BRDA:141,7,0,1
BRDA:141,7,1,0
BRDA:148,8,0,0
BRDA:148,8,1,0
BRDA:155,9,0,0
BRDA:155,9,1,0
BRDA:163,10,0,1
BRDA:163,10,1,0
BRDA:170,11,0,0
BRDA:170,11,1,0
BRDA:170,12,0,0
BRDA:170,12,1,0
BRDA:172,13,0,0
BRDA:172,13,1,0
BRDA:176,14,0,0
BRDA:176,14,1,0
BRF:32
BRH:2
end_of_record
TN:
SF:/Users/lcluber/Projects/github/FrameRat.js/tests/timer.js
FN:4,timer
FN:6,(anonymous_1)
FNF:2
FNH:1
FNDA:1,timer
FNDA:0,(anonymous_1)
DA:5,1
DA:6,1
DA:7,0
DA:8,0
DA:12,1
LF:5
LH:3
BRDA:8,0,0,0
BRDA:8,0,1,0
BRF:2
BRH:0
end_of_record
